[ERROR]	这是错误信息	test/test.hpp:18	void logTest()	2023-08-08 05:10:09.
[ERROR]	这是错误信息	test/test.hpp:18	void logTest()	2023-08-08 05:10:49.
----------------编译日期:05:10:46 Aug  9 2023	最后修改者[洛叶白]----------------
[ERROR]	这是错误信息	test/test.hpp:18	void logTest()	2023-08-08 05:10:52.
----------------编译日期:05:10:46 Aug  9 2023	最后修改者[洛叶白]----------------
[ERROR]	这是错误信息	test/test.hpp:18	void logTest()	2023-08-08 05:11:54.
----------------编译日期:05:11:51 Aug  9 2023	最后修改者[洛叶白]----------------
[ERROR]	这是错误信息	test/test.hpp:18	void logTest()	2023-08-08 05:12:04.
----------------编译日期:05:12:01 Aug  9 2023	最后修改者[洛叶白]----------------
[ERROR]	这是错误信息	test/test.hpp:18	void logTest()	2023-08-08 05:12:05.
----------------编译日期:05:12:01 Aug  9 2023	最后修改者[洛叶白]----------------
[ERROR]	这是错误信息	test/test.hpp:18	void logTest()	2023-08-08 05:12:07.
----------------编译日期:05:12:01 Aug  9 2023	最后修改者[洛叶白]----------------
[ERROR]	这是错误信息	test/test.hpp:18	void logTest()	2023-08-08 05:22:39.
----------------编译日期:05:22:36 Aug  9 2023	最后修改者[洛叶白]----------------
[ERROR]	这是错误信息	test/test.hpp:18	void logTest()	2023-08-08 05:23:06.
----------------编译日期:05:23:03 Aug  9 2023	最后修改者[洛叶白]----------------
[ERROR]	这是错误信息	test/test.hpp:18	void logTest()	2023-08-08 05:24:09.
----------------编译日期:05:24:06 Aug  9 2023	最后修改者[洛叶白]----------------
[ERROR]	这是错误信息	test/test.hpp:18	void logTest()	2023-08-08 05:25:06.
----------------编译日期:05:25:03 Aug  9 2023	最后修改者[洛叶白]----------------
[ERROR]	这是错误信息	test/test.hpp:18	void logTest()	2023-08-08 05:27:18.
----------------编译日期:05:27:15 Aug  9 2023	最后修改者[洛叶白]----------------
[ERROR]	这是错误信息	test/test.hpp:18	void logTest()	2023-08-08 05:28:46.
----------------编译日期:05:28:41 Aug  9 2023	最后修改者[洛叶白]----------------
[ERROR]	这是错误信息	test/test.hpp:18	void logTest()	2023-08-08 05:31:56.
----------------编译日期:05:31:53 Aug  9 2023	最后修改者[洛叶白]----------------
[ERROR]	这是错误信息	test/test.hpp:18	void logTest()	2023-08-08 05:38:39.
----------------编译日期:05:38:35 Aug  9 2023	最后修改者[洛叶白]----------------
----------------编译日期:05:47:37 Aug  9 2023	最后修改者[洛叶白]----------------
[ERROR]	这是错误信息	test/test.hpp:18	void logTest()	2023-08-08 05:47:48.
----------------编译日期:05:38:35 Aug  9 2023	最后修改者[洛叶白]----------------
