[ERROR]	这是错误信息	test/test.hpp:18	void logTest()	2023-08-08 02:44:44.
----------------编译日期:02:44:40 Aug  9 2023	最后修改者[洛叶白]----------------
[ERROR]	这是错误信息	test/test.hpp:18	void logTest()	2023-08-08 02:48:31.
----------------编译日期:02:48:26 Aug  9 2023	最后修改者[洛叶白]----------------
